<?xml version="1.0" encoding="UTF-8"?>
<!-- Generated by org.testng.reporters.JUnitReportReporter -->
<testsuite hostname="DESKTOP-9H01E7N" failures="0" tests="2" name="liveproject.ecommerce" time="16.591" errors="0" timestamp="22 Jul 2018 14:59:30 GMT" skipped="0">
  <testcase classname="liveproject.ecommerce" name="Test_001" time="5.873"/>
  <testcase classname="liveproject.ecommerce" name="Test_002" time="10.718"/>
</testsuite> <!-- liveproject.ecommerce -->
