<?xml version="1.0" encoding="UTF-8"?>
<!-- Generated by org.testng.reporters.JUnitReportReporter -->
<testsuite hostname="DESKTOP-9H01E7N" failures="0" tests="3" name="liveproject.ecommerce" time="32.417" errors="0" timestamp="26 Jul 2018 20:23:58 GMT" skipped="0">
  <testcase classname="liveproject.ecommerce" name="Test_002" time="16.584"/>
  <testcase classname="liveproject.ecommerce" name="Test_003" time="9.157"/>
  <testcase classname="liveproject.ecommerce" name="Test_001" time="6.676"/>
</testsuite> <!-- liveproject.ecommerce -->
