<?xml version="1.0" encoding="UTF-8"?>
<!-- Generated by org.testng.reporters.JUnitReportReporter -->
<testsuite hostname="DESKTOP-9H01E7N" failures="0" tests="1" name="liveproject.ecommerce" time="3.411" errors="0" timestamp="22 Jul 2018 00:18:16 GMT" skipped="0">
  <testcase classname="liveproject.ecommerce" name="Test_001" time="3.411"/>
</testsuite> <!-- liveproject.ecommerce -->
